2023-02-26 11:27:39.250  INFO 3428 --- [restartedMain] com.cg.hbm.HotelBookingApplication       : Starting HotelBookingApplication using Java 17.0.5 on lin33001624 with PID 3428 (C:\MySpringBootWork\HotelBookingApplication\bin\main started by rpulumat in C:\MySpringBootWork\HotelBookingApplication)
2023-02-26 11:27:39.263  INFO 3428 --- [restartedMain] com.cg.hbm.HotelBookingApplication       : No active profile set, falling back to 1 default profile: "default"
2023-02-26 11:27:41.493  INFO 3428 --- [restartedMain] o.apache.catalina.core.StandardService   : Starting service [Tomcat]
2023-02-26 11:27:41.494  INFO 3428 --- [restartedMain] org.apache.catalina.core.StandardEngine  : Starting Servlet engine: [Apache Tomcat/9.0.71]
2023-02-26 11:27:41.629  INFO 3428 --- [restartedMain] o.a.c.c.C.[Tomcat].[localhost].[/]       : Initializing Spring embedded WebApplicationContext
2023-02-26 11:27:41.919  INFO 3428 --- [restartedMain] o.hibernate.jpa.internal.util.LogHelper  : HHH000204: Processing PersistenceUnitInfo [name: default]
2023-02-26 11:27:41.981  INFO 3428 --- [restartedMain] org.hibernate.Version                    : HHH000412: Hibernate ORM core version 5.6.14.Final
2023-02-26 11:27:42.254  INFO 3428 --- [restartedMain] o.hibernate.annotations.common.Version   : HCANN000001: Hibernate Commons Annotations {5.1.2.Final}
2023-02-26 11:27:42.394  INFO 3428 --- [restartedMain] com.zaxxer.hikari.HikariDataSource       : HikariPool-1 - Starting...
2023-02-26 11:27:42.642  INFO 3428 --- [restartedMain] com.zaxxer.hikari.HikariDataSource       : HikariPool-1 - Start completed.
2023-02-26 11:27:42.671  INFO 3428 --- [restartedMain] org.hibernate.dialect.Dialect            : HHH000400: Using dialect: org.hibernate.dialect.PostgreSQLDialect
2023-02-26 11:27:43.841  INFO 3428 --- [restartedMain] o.h.e.t.j.p.i.JtaPlatformInitiator       : HHH000490: Using JtaPlatform implementation: [org.hibernate.engine.transaction.jta.platform.internal.NoJtaPlatform]
2023-02-26 11:27:44.418  INFO 3428 --- [restartedMain] com.cg.hbm.controller.HotelController    : Hotel booking Rest Controller called
2023-02-26 11:27:44.557  INFO 3428 --- [restartedMain] com.cg.hbm.controller.ReviewController   : ---Review Controller Called --
2023-02-26 11:27:44.557  WARN 3428 --- [restartedMain] com.cg.hbm.controller.ReviewController   : ---Review Controller Called --
2023-02-26 11:27:44.624  INFO 3428 --- [restartedMain] c.c.h.controller.RoomDetailsController   : ---RoomDetails Controller Called --
2023-02-26 11:27:44.625  WARN 3428 --- [restartedMain] c.c.h.controller.RoomDetailsController   : ---RoomDetails Controller Called --
2023-02-26 11:27:44.717  INFO 3428 --- [restartedMain] com.cg.hbm.controller.UserController     : User Controller Called
2023-02-26 11:27:44.833  WARN 3428 --- [restartedMain] JpaBaseConfiguration$JpaWebConfiguration : spring.jpa.open-in-view is enabled by default. Therefore, database queries may be performed during view rendering. Explicitly configure spring.jpa.open-in-view to disable this warning
2023-02-26 11:27:45.390  INFO 3428 --- [restartedMain] com.cg.hbm.HotelBookingApplication       : Started HotelBookingApplication in 6.645 seconds (JVM running for 7.413)
2023-02-26 11:27:49.028  INFO 3428 --- [http-nio-2004-exec-1] o.a.c.c.C.[Tomcat].[localhost].[/]       : Initializing Spring DispatcherServlet 'dispatcherServlet'
2023-02-26 11:47:12.965  WARN 3428 --- [http-nio-2004-exec-7] .m.m.a.ExceptionHandlerExceptionResolver : Resolved [javax.persistence.EntityNotFoundException: Unable to find com.cg.hbm.entity.User with id 1]
2023-02-26 13:01:19.095  INFO 3428 --- [http-nio-2004-exec-1] c.c.h.controller.RoomDetailsController   : ---->> Review savedRoomDetails(roomId=14, hotelId=13, roomNo=101, roomType=, ratePerDay=1000.0, isAvailable=false)
2023-02-26 13:01:39.366  INFO 3428 --- [http-nio-2004-exec-2] c.c.h.controller.RoomDetailsController   : ---->> Review savedRoomDetails(roomId=15, hotelId=13, roomNo=101, roomType=AC Room, ratePerDay=1000.0, isAvailable=false)
2023-02-26 17:42:42.046  WARN 3428 --- [http-nio-2004-exec-3] .w.s.m.s.DefaultHandlerExceptionResolver : Resolved [org.springframework.http.converter.HttpMessageNotReadableException: JSON parse error: raw timestamp (0) not allowed for `java.time.LocalTime`: need additional information such as an offset or time-zone (see class Javadocs); nested exception is com.fasterxml.jackson.databind.exc.MismatchedInputException: raw timestamp (0) not allowed for `java.time.LocalTime`: need additional information such as an offset or time-zone (see class Javadocs)<EOL> at [Source: (org.springframework.util.StreamUtils$NonClosingInputStream); line: 1, column: 51] (through reference chain: com.cg.hbm.entity.Transactions["time"])]
2023-02-26 17:43:40.924  WARN 3428 --- [http-nio-2004-exec-7] .m.m.a.ExceptionHandlerExceptionResolver : Resolved [java.lang.NullPointerException: Cannot invoke "com.cg.hbm.entity.BookingDetails.getBookingId()" because "b" is null]
2023-02-26 18:05:32.800  WARN 3428 --- [http-nio-2004-exec-10] .m.m.a.ExceptionHandlerExceptionResolver : Resolved [javax.persistence.EntityNotFoundException: Unable to find com.cg.hbm.entity.User with id 9]
2023-02-26 18:22:22.024  WARN 3428 --- [http-nio-2004-exec-5] .w.s.m.s.DefaultHandlerExceptionResolver : Resolved [org.springframework.web.method.annotation.MethodArgumentTypeMismatchException: Failed to convert value of type 'java.lang.String' to required type 'int'; nested exception is java.lang.NumberFormatException: For input string: "NaN"]
2023-02-26 18:25:43.427  WARN 3428 --- [http-nio-2004-exec-3] .w.s.m.s.DefaultHandlerExceptionResolver : Resolved [org.springframework.web.method.annotation.MethodArgumentTypeMismatchException: Failed to convert value of type 'java.lang.String' to required type 'int'; nested exception is java.lang.NumberFormatException: For input string: "NaN"]
2023-02-26 19:46:43.639  WARN 3428 --- [http-nio-2004-exec-5] .m.m.a.ExceptionHandlerExceptionResolver : Resolved [java.lang.NullPointerException: Cannot invoke "com.cg.hbm.entity.BookingDetails.getBookingId()" because "b" is null]
2023-02-26 19:58:54.262  WARN 3428 --- [http-nio-2004-exec-1] .m.m.a.ExceptionHandlerExceptionResolver : Resolved [java.lang.NullPointerException: Cannot invoke "com.cg.hbm.entity.BookingDetails.getBookingId()" because "b" is null]
2023-02-26 20:14:39.625  INFO 3428 --- [Thread-5] o.apache.catalina.core.StandardService   : Stopping service [Tomcat]
2023-02-26 20:14:39.635  INFO 3428 --- [Thread-5] o.a.c.c.C.[Tomcat].[localhost].[/]       : Destroying Spring FrameworkServlet 'dispatcherServlet'
2023-02-26 20:14:39.713  INFO 3428 --- [Thread-5] com.zaxxer.hikari.HikariDataSource       : HikariPool-1 - Shutdown initiated...
2023-02-26 20:14:39.737  INFO 3428 --- [Thread-5] com.zaxxer.hikari.HikariDataSource       : HikariPool-1 - Shutdown completed.
2023-02-26 20:14:40.083  INFO 3428 --- [restartedMain] com.cg.hbm.HotelBookingApplication       : Starting HotelBookingApplication using Java 17.0.5 on lin33001624 with PID 3428 (C:\MySpringBootWork\HotelBookingApplication\bin\main started by rpulumat in C:\MySpringBootWork\HotelBookingApplication)
2023-02-26 20:14:40.084  INFO 3428 --- [restartedMain] com.cg.hbm.HotelBookingApplication       : No active profile set, falling back to 1 default profile: "default"
2023-02-26 20:14:40.711  INFO 3428 --- [restartedMain] o.apache.catalina.core.StandardService   : Starting service [Tomcat]
2023-02-26 20:14:40.711  INFO 3428 --- [restartedMain] org.apache.catalina.core.StandardEngine  : Starting Servlet engine: [Apache Tomcat/9.0.71]
2023-02-26 20:14:40.753  INFO 3428 --- [restartedMain] o.a.c.c.C.[Tomcat].[localhost].[/]       : Initializing Spring embedded WebApplicationContext
2023-02-26 20:14:40.811  INFO 3428 --- [restartedMain] o.hibernate.jpa.internal.util.LogHelper  : HHH000204: Processing PersistenceUnitInfo [name: default]
2023-02-26 20:14:40.824  INFO 3428 --- [restartedMain] com.zaxxer.hikari.HikariDataSource       : HikariPool-2 - Starting...
2023-02-26 20:14:40.910  INFO 3428 --- [restartedMain] com.zaxxer.hikari.HikariDataSource       : HikariPool-2 - Start completed.
2023-02-26 20:14:40.911  INFO 3428 --- [restartedMain] org.hibernate.dialect.Dialect            : HHH000400: Using dialect: org.hibernate.dialect.PostgreSQLDialect
2023-02-26 20:14:41.174  INFO 3428 --- [restartedMain] o.h.e.t.j.p.i.JtaPlatformInitiator       : HHH000490: Using JtaPlatform implementation: [org.hibernate.engine.transaction.jta.platform.internal.NoJtaPlatform]
2023-02-26 20:14:41.326  INFO 3428 --- [restartedMain] com.cg.hbm.controller.HotelController    : Hotel booking Rest Controller called
2023-02-26 20:14:41.424  INFO 3428 --- [restartedMain] com.cg.hbm.controller.ReviewController   : ---Review Controller Called --
2023-02-26 20:14:41.425  WARN 3428 --- [restartedMain] com.cg.hbm.controller.ReviewController   : ---Review Controller Called --
2023-02-26 20:14:41.475  INFO 3428 --- [restartedMain] c.c.h.controller.RoomDetailsController   : ---RoomDetails Controller Called --
2023-02-26 20:14:41.475  WARN 3428 --- [restartedMain] c.c.h.controller.RoomDetailsController   : ---RoomDetails Controller Called --
2023-02-26 20:14:41.549  INFO 3428 --- [restartedMain] com.cg.hbm.controller.UserController     : User Controller Called
2023-02-26 20:14:41.623  WARN 3428 --- [restartedMain] JpaBaseConfiguration$JpaWebConfiguration : spring.jpa.open-in-view is enabled by default. Therefore, database queries may be performed during view rendering. Explicitly configure spring.jpa.open-in-view to disable this warning
2023-02-26 20:14:41.816  INFO 3428 --- [restartedMain] com.cg.hbm.HotelBookingApplication       : Started HotelBookingApplication in 1.784 seconds (JVM running for 31623.794)
2023-02-26 20:15:02.801  INFO 3428 --- [Thread-7] o.apache.catalina.core.StandardService   : Stopping service [Tomcat]
2023-02-26 20:15:02.808  INFO 3428 --- [Thread-7] com.zaxxer.hikari.HikariDataSource       : HikariPool-2 - Shutdown initiated...
2023-02-26 20:15:02.810  INFO 3428 --- [Thread-7] com.zaxxer.hikari.HikariDataSource       : HikariPool-2 - Shutdown completed.
2023-02-26 20:15:02.913  INFO 3428 --- [restartedMain] com.cg.hbm.HotelBookingApplication       : Starting HotelBookingApplication using Java 17.0.5 on lin33001624 with PID 3428 (C:\MySpringBootWork\HotelBookingApplication\bin\main started by rpulumat in C:\MySpringBootWork\HotelBookingApplication)
2023-02-26 20:15:02.913  INFO 3428 --- [restartedMain] com.cg.hbm.HotelBookingApplication       : No active profile set, falling back to 1 default profile: "default"
2023-02-26 20:15:03.965  INFO 3428 --- [restartedMain] o.apache.catalina.core.StandardService   : Starting service [Tomcat]
2023-02-26 20:15:03.972  INFO 3428 --- [restartedMain] org.apache.catalina.core.StandardEngine  : Starting Servlet engine: [Apache Tomcat/9.0.71]
2023-02-26 20:15:04.064  INFO 3428 --- [restartedMain] o.a.c.c.C.[Tomcat].[localhost].[/]       : Initializing Spring embedded WebApplicationContext
2023-02-26 20:15:04.197  INFO 3428 --- [restartedMain] o.hibernate.jpa.internal.util.LogHelper  : HHH000204: Processing PersistenceUnitInfo [name: default]
2023-02-26 20:15:04.219  INFO 3428 --- [restartedMain] com.zaxxer.hikari.HikariDataSource       : HikariPool-3 - Starting...
2023-02-26 20:15:04.406  INFO 3428 --- [restartedMain] com.zaxxer.hikari.HikariDataSource       : HikariPool-3 - Start completed.
2023-02-26 20:15:04.407  INFO 3428 --- [restartedMain] org.hibernate.dialect.Dialect            : HHH000400: Using dialect: org.hibernate.dialect.PostgreSQLDialect
2023-02-26 20:15:04.653  INFO 3428 --- [restartedMain] o.h.e.t.j.p.i.JtaPlatformInitiator       : HHH000490: Using JtaPlatform implementation: [org.hibernate.engine.transaction.jta.platform.internal.NoJtaPlatform]
2023-02-26 20:15:04.735  INFO 3428 --- [restartedMain] com.cg.hbm.controller.HotelController    : Hotel booking Rest Controller called
2023-02-26 20:15:04.808  INFO 3428 --- [restartedMain] com.cg.hbm.controller.ReviewController   : ---Review Controller Called --
2023-02-26 20:15:04.808  WARN 3428 --- [restartedMain] com.cg.hbm.controller.ReviewController   : ---Review Controller Called --
2023-02-26 20:15:04.853  INFO 3428 --- [restartedMain] c.c.h.controller.RoomDetailsController   : ---RoomDetails Controller Called --
2023-02-26 20:15:04.853  WARN 3428 --- [restartedMain] c.c.h.controller.RoomDetailsController   : ---RoomDetails Controller Called --
2023-02-26 20:15:04.923  INFO 3428 --- [restartedMain] com.cg.hbm.controller.UserController     : User Controller Called
2023-02-26 20:15:04.971  WARN 3428 --- [restartedMain] JpaBaseConfiguration$JpaWebConfiguration : spring.jpa.open-in-view is enabled by default. Therefore, database queries may be performed during view rendering. Explicitly configure spring.jpa.open-in-view to disable this warning
2023-02-26 20:15:05.152  INFO 3428 --- [restartedMain] com.cg.hbm.HotelBookingApplication       : Started HotelBookingApplication in 2.269 seconds (JVM running for 31647.13)
2023-02-26 20:15:34.492  INFO 3428 --- [Thread-11] o.apache.catalina.core.StandardService   : Stopping service [Tomcat]
2023-02-26 20:15:34.496  INFO 3428 --- [Thread-11] com.zaxxer.hikari.HikariDataSource       : HikariPool-3 - Shutdown initiated...
2023-02-26 20:15:34.503  INFO 3428 --- [Thread-11] com.zaxxer.hikari.HikariDataSource       : HikariPool-3 - Shutdown completed.
2023-02-26 20:15:34.618  INFO 3428 --- [restartedMain] com.cg.hbm.HotelBookingApplication       : Starting HotelBookingApplication using Java 17.0.5 on lin33001624 with PID 3428 (C:\MySpringBootWork\HotelBookingApplication\bin\main started by rpulumat in C:\MySpringBootWork\HotelBookingApplication)
2023-02-26 20:15:34.619  INFO 3428 --- [restartedMain] com.cg.hbm.HotelBookingApplication       : No active profile set, falling back to 1 default profile: "default"
2023-02-26 20:15:35.156  INFO 3428 --- [restartedMain] o.apache.catalina.core.StandardService   : Starting service [Tomcat]
2023-02-26 20:15:35.156  INFO 3428 --- [restartedMain] org.apache.catalina.core.StandardEngine  : Starting Servlet engine: [Apache Tomcat/9.0.71]
2023-02-26 20:15:35.198  INFO 3428 --- [restartedMain] o.a.c.c.C.[Tomcat].[localhost].[/]       : Initializing Spring embedded WebApplicationContext
2023-02-26 20:15:35.263  INFO 3428 --- [restartedMain] o.hibernate.jpa.internal.util.LogHelper  : HHH000204: Processing PersistenceUnitInfo [name: default]
2023-02-26 20:15:35.272  INFO 3428 --- [restartedMain] com.zaxxer.hikari.HikariDataSource       : HikariPool-4 - Starting...
2023-02-26 20:15:35.378  INFO 3428 --- [restartedMain] com.zaxxer.hikari.HikariDataSource       : HikariPool-4 - Start completed.
2023-02-26 20:15:35.378  INFO 3428 --- [restartedMain] org.hibernate.dialect.Dialect            : HHH000400: Using dialect: org.hibernate.dialect.PostgreSQLDialect
2023-02-26 20:15:35.563  INFO 3428 --- [restartedMain] o.h.e.t.j.p.i.JtaPlatformInitiator       : HHH000490: Using JtaPlatform implementation: [org.hibernate.engine.transaction.jta.platform.internal.NoJtaPlatform]
2023-02-26 20:15:35.670  INFO 3428 --- [restartedMain] com.cg.hbm.controller.HotelController    : Hotel booking Rest Controller called
2023-02-26 20:15:35.754  INFO 3428 --- [restartedMain] com.cg.hbm.controller.ReviewController   : ---Review Controller Called --
2023-02-26 20:15:35.754  WARN 3428 --- [restartedMain] com.cg.hbm.controller.ReviewController   : ---Review Controller Called --
2023-02-26 20:15:35.810  INFO 3428 --- [restartedMain] c.c.h.controller.RoomDetailsController   : ---RoomDetails Controller Called --
2023-02-26 20:15:35.811  WARN 3428 --- [restartedMain] c.c.h.controller.RoomDetailsController   : ---RoomDetails Controller Called --
2023-02-26 20:15:35.953  INFO 3428 --- [restartedMain] com.cg.hbm.controller.UserController     : User Controller Called
2023-02-26 20:15:36.038  WARN 3428 --- [restartedMain] JpaBaseConfiguration$JpaWebConfiguration : spring.jpa.open-in-view is enabled by default. Therefore, database queries may be performed during view rendering. Explicitly configure spring.jpa.open-in-view to disable this warning
2023-02-26 20:15:36.331  INFO 3428 --- [restartedMain] com.cg.hbm.HotelBookingApplication       : Started HotelBookingApplication in 1.746 seconds (JVM running for 31678.309)
2023-02-26 20:15:55.259  INFO 3428 --- [Thread-15] o.apache.catalina.core.StandardService   : Stopping service [Tomcat]
2023-02-26 20:15:55.263  INFO 3428 --- [Thread-15] com.zaxxer.hikari.HikariDataSource       : HikariPool-4 - Shutdown initiated...
2023-02-26 20:15:55.265  INFO 3428 --- [Thread-15] com.zaxxer.hikari.HikariDataSource       : HikariPool-4 - Shutdown completed.
2023-02-26 20:15:55.339  INFO 3428 --- [restartedMain] com.cg.hbm.HotelBookingApplication       : Starting HotelBookingApplication using Java 17.0.5 on lin33001624 with PID 3428 (C:\MySpringBootWork\HotelBookingApplication\bin\main started by rpulumat in C:\MySpringBootWork\HotelBookingApplication)
2023-02-26 20:15:55.340  INFO 3428 --- [restartedMain] com.cg.hbm.HotelBookingApplication       : No active profile set, falling back to 1 default profile: "default"
2023-02-26 20:15:55.737  INFO 3428 --- [restartedMain] o.apache.catalina.core.StandardService   : Starting service [Tomcat]
2023-02-26 20:15:55.738  INFO 3428 --- [restartedMain] org.apache.catalina.core.StandardEngine  : Starting Servlet engine: [Apache Tomcat/9.0.71]
2023-02-26 20:15:55.762  INFO 3428 --- [restartedMain] o.a.c.c.C.[Tomcat].[localhost].[/]       : Initializing Spring embedded WebApplicationContext
2023-02-26 20:15:55.797  INFO 3428 --- [restartedMain] o.hibernate.jpa.internal.util.LogHelper  : HHH000204: Processing PersistenceUnitInfo [name: default]
2023-02-26 20:15:55.805  INFO 3428 --- [restartedMain] com.zaxxer.hikari.HikariDataSource       : HikariPool-5 - Starting...
2023-02-26 20:15:55.878  INFO 3428 --- [restartedMain] com.zaxxer.hikari.HikariDataSource       : HikariPool-5 - Start completed.
2023-02-26 20:15:55.879  INFO 3428 --- [restartedMain] org.hibernate.dialect.Dialect            : HHH000400: Using dialect: org.hibernate.dialect.PostgreSQLDialect
2023-02-26 20:15:56.028  INFO 3428 --- [restartedMain] o.h.e.t.j.p.i.JtaPlatformInitiator       : HHH000490: Using JtaPlatform implementation: [org.hibernate.engine.transaction.jta.platform.internal.NoJtaPlatform]
2023-02-26 20:15:56.149  INFO 3428 --- [restartedMain] com.cg.hbm.controller.HotelController    : Hotel booking Rest Controller called
2023-02-26 20:15:56.215  INFO 3428 --- [restartedMain] com.cg.hbm.controller.ReviewController   : ---Review Controller Called --
2023-02-26 20:15:56.216  WARN 3428 --- [restartedMain] com.cg.hbm.controller.ReviewController   : ---Review Controller Called --
2023-02-26 20:15:56.261  INFO 3428 --- [restartedMain] c.c.h.controller.RoomDetailsController   : ---RoomDetails Controller Called --
2023-02-26 20:15:56.262  WARN 3428 --- [restartedMain] c.c.h.controller.RoomDetailsController   : ---RoomDetails Controller Called --
2023-02-26 20:15:56.314  INFO 3428 --- [restartedMain] com.cg.hbm.controller.UserController     : User Controller Called
2023-02-26 20:15:56.390  WARN 3428 --- [restartedMain] JpaBaseConfiguration$JpaWebConfiguration : spring.jpa.open-in-view is enabled by default. Therefore, database queries may be performed during view rendering. Explicitly configure spring.jpa.open-in-view to disable this warning
2023-02-26 20:15:56.696  INFO 3428 --- [restartedMain] com.cg.hbm.HotelBookingApplication       : Started HotelBookingApplication in 1.38 seconds (JVM running for 31698.675)
2023-02-26 20:16:39.385  INFO 3428 --- [Thread-19] o.apache.catalina.core.StandardService   : Stopping service [Tomcat]
2023-02-26 20:16:39.388  INFO 3428 --- [Thread-19] com.zaxxer.hikari.HikariDataSource       : HikariPool-5 - Shutdown initiated...
2023-02-26 20:16:39.390  INFO 3428 --- [Thread-19] com.zaxxer.hikari.HikariDataSource       : HikariPool-5 - Shutdown completed.
2023-02-26 20:16:39.468  INFO 3428 --- [restartedMain] com.cg.hbm.HotelBookingApplication       : Starting HotelBookingApplication using Java 17.0.5 on lin33001624 with PID 3428 (C:\MySpringBootWork\HotelBookingApplication\bin\main started by rpulumat in C:\MySpringBootWork\HotelBookingApplication)
2023-02-26 20:16:39.469  INFO 3428 --- [restartedMain] com.cg.hbm.HotelBookingApplication       : No active profile set, falling back to 1 default profile: "default"
2023-02-26 20:16:39.859  INFO 3428 --- [restartedMain] o.apache.catalina.core.StandardService   : Starting service [Tomcat]
2023-02-26 20:16:39.860  INFO 3428 --- [restartedMain] org.apache.catalina.core.StandardEngine  : Starting Servlet engine: [Apache Tomcat/9.0.71]
2023-02-26 20:16:39.891  INFO 3428 --- [restartedMain] o.a.c.c.C.[Tomcat].[localhost].[/]       : Initializing Spring embedded WebApplicationContext
2023-02-26 20:16:39.963  INFO 3428 --- [restartedMain] o.hibernate.jpa.internal.util.LogHelper  : HHH000204: Processing PersistenceUnitInfo [name: default]
2023-02-26 20:16:39.972  INFO 3428 --- [restartedMain] com.zaxxer.hikari.HikariDataSource       : HikariPool-6 - Starting...
2023-02-26 20:16:40.111  INFO 3428 --- [restartedMain] com.zaxxer.hikari.HikariDataSource       : HikariPool-6 - Start completed.
2023-02-26 20:16:40.112  INFO 3428 --- [restartedMain] org.hibernate.dialect.Dialect            : HHH000400: Using dialect: org.hibernate.dialect.PostgreSQLDialect
2023-02-26 20:16:40.323  INFO 3428 --- [restartedMain] o.h.e.t.j.p.i.JtaPlatformInitiator       : HHH000490: Using JtaPlatform implementation: [org.hibernate.engine.transaction.jta.platform.internal.NoJtaPlatform]
2023-02-26 20:16:40.429  INFO 3428 --- [restartedMain] com.cg.hbm.controller.HotelController    : Hotel booking Rest Controller called
2023-02-26 20:16:40.514  INFO 3428 --- [restartedMain] com.cg.hbm.controller.ReviewController   : ---Review Controller Called --
2023-02-26 20:16:40.515  WARN 3428 --- [restartedMain] com.cg.hbm.controller.ReviewController   : ---Review Controller Called --
2023-02-26 20:16:40.607  INFO 3428 --- [restartedMain] c.c.h.controller.RoomDetailsController   : ---RoomDetails Controller Called --
2023-02-26 20:16:40.607  WARN 3428 --- [restartedMain] c.c.h.controller.RoomDetailsController   : ---RoomDetails Controller Called --
2023-02-26 20:16:40.679  INFO 3428 --- [restartedMain] com.cg.hbm.controller.UserController     : User Controller Called
2023-02-26 20:16:40.736  WARN 3428 --- [restartedMain] JpaBaseConfiguration$JpaWebConfiguration : spring.jpa.open-in-view is enabled by default. Therefore, database queries may be performed during view rendering. Explicitly configure spring.jpa.open-in-view to disable this warning
2023-02-26 20:16:40.871  INFO 3428 --- [restartedMain] com.cg.hbm.HotelBookingApplication       : Started HotelBookingApplication in 1.425 seconds (JVM running for 31742.849)
2023-02-26 20:16:59.814  INFO 3428 --- [Thread-23] o.apache.catalina.core.StandardService   : Stopping service [Tomcat]
2023-02-26 20:16:59.821  INFO 3428 --- [Thread-23] com.zaxxer.hikari.HikariDataSource       : HikariPool-6 - Shutdown initiated...
2023-02-26 20:16:59.841  INFO 3428 --- [Thread-23] com.zaxxer.hikari.HikariDataSource       : HikariPool-6 - Shutdown completed.
2023-02-26 20:16:59.962  INFO 3428 --- [restartedMain] com.cg.hbm.HotelBookingApplication       : Starting HotelBookingApplication using Java 17.0.5 on lin33001624 with PID 3428 (C:\MySpringBootWork\HotelBookingApplication\bin\main started by rpulumat in C:\MySpringBootWork\HotelBookingApplication)
2023-02-26 20:16:59.963  INFO 3428 --- [restartedMain] com.cg.hbm.HotelBookingApplication       : No active profile set, falling back to 1 default profile: "default"
2023-02-26 20:17:00.402  INFO 3428 --- [restartedMain] o.apache.catalina.core.StandardService   : Starting service [Tomcat]
2023-02-26 20:17:00.402  INFO 3428 --- [restartedMain] org.apache.catalina.core.StandardEngine  : Starting Servlet engine: [Apache Tomcat/9.0.71]
2023-02-26 20:17:00.430  INFO 3428 --- [restartedMain] o.a.c.c.C.[Tomcat].[localhost].[/]       : Initializing Spring embedded WebApplicationContext
2023-02-26 20:17:00.477  INFO 3428 --- [restartedMain] o.hibernate.jpa.internal.util.LogHelper  : HHH000204: Processing PersistenceUnitInfo [name: default]
2023-02-26 20:17:00.485  INFO 3428 --- [restartedMain] com.zaxxer.hikari.HikariDataSource       : HikariPool-7 - Starting...
2023-02-26 20:17:00.574  INFO 3428 --- [restartedMain] com.zaxxer.hikari.HikariDataSource       : HikariPool-7 - Start completed.
2023-02-26 20:17:00.575  INFO 3428 --- [restartedMain] org.hibernate.dialect.Dialect            : HHH000400: Using dialect: org.hibernate.dialect.PostgreSQLDialect
2023-02-26 20:17:00.754  INFO 3428 --- [restartedMain] o.h.e.t.j.p.i.JtaPlatformInitiator       : HHH000490: Using JtaPlatform implementation: [org.hibernate.engine.transaction.jta.platform.internal.NoJtaPlatform]
2023-02-26 20:17:00.822  INFO 3428 --- [restartedMain] com.cg.hbm.controller.HotelController    : Hotel booking Rest Controller called
2023-02-26 20:17:00.895  INFO 3428 --- [restartedMain] com.cg.hbm.controller.ReviewController   : ---Review Controller Called --
2023-02-26 20:17:00.897  WARN 3428 --- [restartedMain] com.cg.hbm.controller.ReviewController   : ---Review Controller Called --
2023-02-26 20:17:00.936  INFO 3428 --- [restartedMain] c.c.h.controller.RoomDetailsController   : ---RoomDetails Controller Called --
2023-02-26 20:17:00.937  WARN 3428 --- [restartedMain] c.c.h.controller.RoomDetailsController   : ---RoomDetails Controller Called --
2023-02-26 20:17:00.999  INFO 3428 --- [restartedMain] com.cg.hbm.controller.UserController     : User Controller Called
2023-02-26 20:17:01.044  WARN 3428 --- [restartedMain] JpaBaseConfiguration$JpaWebConfiguration : spring.jpa.open-in-view is enabled by default. Therefore, database queries may be performed during view rendering. Explicitly configure spring.jpa.open-in-view to disable this warning
2023-02-26 20:17:01.196  INFO 3428 --- [restartedMain] com.cg.hbm.HotelBookingApplication       : Started HotelBookingApplication in 1.274 seconds (JVM running for 31763.175)
2023-02-26 20:17:54.141  INFO 3428 --- [Thread-27] o.apache.catalina.core.StandardService   : Stopping service [Tomcat]
2023-02-26 20:17:54.144  INFO 3428 --- [Thread-27] com.zaxxer.hikari.HikariDataSource       : HikariPool-7 - Shutdown initiated...
2023-02-26 20:17:54.146  INFO 3428 --- [Thread-27] com.zaxxer.hikari.HikariDataSource       : HikariPool-7 - Shutdown completed.
2023-02-26 20:17:54.229  INFO 3428 --- [restartedMain] com.cg.hbm.HotelBookingApplication       : Starting HotelBookingApplication using Java 17.0.5 on lin33001624 with PID 3428 (C:\MySpringBootWork\HotelBookingApplication\bin\main started by rpulumat in C:\MySpringBootWork\HotelBookingApplication)
2023-02-26 20:17:54.229  INFO 3428 --- [restartedMain] com.cg.hbm.HotelBookingApplication       : No active profile set, falling back to 1 default profile: "default"
2023-02-26 20:17:54.561  INFO 3428 --- [restartedMain] o.apache.catalina.core.StandardService   : Starting service [Tomcat]
2023-02-26 20:17:54.562  INFO 3428 --- [restartedMain] org.apache.catalina.core.StandardEngine  : Starting Servlet engine: [Apache Tomcat/9.0.71]
2023-02-26 20:17:54.589  INFO 3428 --- [restartedMain] o.a.c.c.C.[Tomcat].[localhost].[/]       : Initializing Spring embedded WebApplicationContext
2023-02-26 20:17:54.629  INFO 3428 --- [restartedMain] o.hibernate.jpa.internal.util.LogHelper  : HHH000204: Processing PersistenceUnitInfo [name: default]
2023-02-26 20:17:54.636  INFO 3428 --- [restartedMain] com.zaxxer.hikari.HikariDataSource       : HikariPool-8 - Starting...
2023-02-26 20:17:54.751  INFO 3428 --- [restartedMain] com.zaxxer.hikari.HikariDataSource       : HikariPool-8 - Start completed.
2023-02-26 20:17:54.752  INFO 3428 --- [restartedMain] org.hibernate.dialect.Dialect            : HHH000400: Using dialect: org.hibernate.dialect.PostgreSQLDialect
2023-02-26 20:17:54.915  INFO 3428 --- [restartedMain] o.h.e.t.j.p.i.JtaPlatformInitiator       : HHH000490: Using JtaPlatform implementation: [org.hibernate.engine.transaction.jta.platform.internal.NoJtaPlatform]
2023-02-26 20:17:54.974  INFO 3428 --- [restartedMain] com.cg.hbm.controller.HotelController    : Hotel booking Rest Controller called
2023-02-26 20:17:55.037  INFO 3428 --- [restartedMain] com.cg.hbm.controller.ReviewController   : ---Review Controller Called --
2023-02-26 20:17:55.038  WARN 3428 --- [restartedMain] com.cg.hbm.controller.ReviewController   : ---Review Controller Called --
2023-02-26 20:17:55.068  INFO 3428 --- [restartedMain] c.c.h.controller.RoomDetailsController   : ---RoomDetails Controller Called --
2023-02-26 20:17:55.068  WARN 3428 --- [restartedMain] c.c.h.controller.RoomDetailsController   : ---RoomDetails Controller Called --
2023-02-26 20:17:55.132  INFO 3428 --- [restartedMain] com.cg.hbm.controller.UserController     : User Controller Called
2023-02-26 20:17:55.166  WARN 3428 --- [restartedMain] JpaBaseConfiguration$JpaWebConfiguration : spring.jpa.open-in-view is enabled by default. Therefore, database queries may be performed during view rendering. Explicitly configure spring.jpa.open-in-view to disable this warning
2023-02-26 20:17:55.275  INFO 3428 --- [restartedMain] com.cg.hbm.HotelBookingApplication       : Started HotelBookingApplication in 1.072 seconds (JVM running for 31817.253)
2023-02-26 20:18:22.444  INFO 3428 --- [Thread-31] o.apache.catalina.core.StandardService   : Stopping service [Tomcat]
2023-02-26 20:18:22.449  INFO 3428 --- [Thread-31] com.zaxxer.hikari.HikariDataSource       : HikariPool-8 - Shutdown initiated...
2023-02-26 20:18:22.456  INFO 3428 --- [Thread-31] com.zaxxer.hikari.HikariDataSource       : HikariPool-8 - Shutdown completed.
2023-02-26 20:18:22.543  INFO 3428 --- [restartedMain] com.cg.hbm.HotelBookingApplication       : Starting HotelBookingApplication using Java 17.0.5 on lin33001624 with PID 3428 (C:\MySpringBootWork\HotelBookingApplication\bin\main started by rpulumat in C:\MySpringBootWork\HotelBookingApplication)
2023-02-26 20:18:22.543  INFO 3428 --- [restartedMain] com.cg.hbm.HotelBookingApplication       : No active profile set, falling back to 1 default profile: "default"
2023-02-26 20:18:22.946  INFO 3428 --- [restartedMain] o.apache.catalina.core.StandardService   : Starting service [Tomcat]
2023-02-26 20:18:22.946  INFO 3428 --- [restartedMain] org.apache.catalina.core.StandardEngine  : Starting Servlet engine: [Apache Tomcat/9.0.71]
2023-02-26 20:18:22.973  INFO 3428 --- [restartedMain] o.a.c.c.C.[Tomcat].[localhost].[/]       : Initializing Spring embedded WebApplicationContext
2023-02-26 20:18:23.027  INFO 3428 --- [restartedMain] o.hibernate.jpa.internal.util.LogHelper  : HHH000204: Processing PersistenceUnitInfo [name: default]
2023-02-26 20:18:23.036  INFO 3428 --- [restartedMain] com.zaxxer.hikari.HikariDataSource       : HikariPool-9 - Starting...
2023-02-26 20:18:23.122  INFO 3428 --- [restartedMain] com.zaxxer.hikari.HikariDataSource       : HikariPool-9 - Start completed.
2023-02-26 20:18:23.123  INFO 3428 --- [restartedMain] org.hibernate.dialect.Dialect            : HHH000400: Using dialect: org.hibernate.dialect.PostgreSQLDialect
2023-02-26 20:18:23.287  INFO 3428 --- [restartedMain] o.h.e.t.j.p.i.JtaPlatformInitiator       : HHH000490: Using JtaPlatform implementation: [org.hibernate.engine.transaction.jta.platform.internal.NoJtaPlatform]
2023-02-26 20:18:23.350  INFO 3428 --- [restartedMain] com.cg.hbm.controller.HotelController    : Hotel booking Rest Controller called
2023-02-26 20:18:23.428  INFO 3428 --- [restartedMain] com.cg.hbm.controller.ReviewController   : ---Review Controller Called --
2023-02-26 20:18:23.428  WARN 3428 --- [restartedMain] com.cg.hbm.controller.ReviewController   : ---Review Controller Called --
2023-02-26 20:18:23.464  INFO 3428 --- [restartedMain] c.c.h.controller.RoomDetailsController   : ---RoomDetails Controller Called --
2023-02-26 20:18:23.464  WARN 3428 --- [restartedMain] c.c.h.controller.RoomDetailsController   : ---RoomDetails Controller Called --
2023-02-26 20:18:23.508  INFO 3428 --- [restartedMain] com.cg.hbm.controller.UserController     : User Controller Called
2023-02-26 20:18:23.564  WARN 3428 --- [restartedMain] JpaBaseConfiguration$JpaWebConfiguration : spring.jpa.open-in-view is enabled by default. Therefore, database queries may be performed during view rendering. Explicitly configure spring.jpa.open-in-view to disable this warning
2023-02-26 20:18:23.681  INFO 3428 --- [restartedMain] com.cg.hbm.HotelBookingApplication       : Started HotelBookingApplication in 1.164 seconds (JVM running for 31845.659)
2023-02-26 20:18:47.754  INFO 3428 --- [Thread-35] o.apache.catalina.core.StandardService   : Stopping service [Tomcat]
2023-02-26 20:18:47.757  INFO 3428 --- [Thread-35] com.zaxxer.hikari.HikariDataSource       : HikariPool-9 - Shutdown initiated...
2023-02-26 20:18:47.763  INFO 3428 --- [Thread-35] com.zaxxer.hikari.HikariDataSource       : HikariPool-9 - Shutdown completed.
2023-02-26 20:18:47.842  INFO 3428 --- [restartedMain] com.cg.hbm.HotelBookingApplication       : Starting HotelBookingApplication using Java 17.0.5 on lin33001624 with PID 3428 (C:\MySpringBootWork\HotelBookingApplication\bin\main started by rpulumat in C:\MySpringBootWork\HotelBookingApplication)
2023-02-26 20:18:47.843  INFO 3428 --- [restartedMain] com.cg.hbm.HotelBookingApplication       : No active profile set, falling back to 1 default profile: "default"
2023-02-26 20:18:48.118  INFO 3428 --- [restartedMain] o.apache.catalina.core.StandardService   : Starting service [Tomcat]
2023-02-26 20:18:48.118  INFO 3428 --- [restartedMain] org.apache.catalina.core.StandardEngine  : Starting Servlet engine: [Apache Tomcat/9.0.71]
2023-02-26 20:18:48.141  INFO 3428 --- [restartedMain] o.a.c.c.C.[Tomcat].[localhost].[/]       : Initializing Spring embedded WebApplicationContext
2023-02-26 20:18:48.176  INFO 3428 --- [restartedMain] o.hibernate.jpa.internal.util.LogHelper  : HHH000204: Processing PersistenceUnitInfo [name: default]
2023-02-26 20:18:48.183  INFO 3428 --- [restartedMain] com.zaxxer.hikari.HikariDataSource       : HikariPool-10 - Starting...
2023-02-26 20:18:48.266  INFO 3428 --- [restartedMain] com.zaxxer.hikari.HikariDataSource       : HikariPool-10 - Start completed.
2023-02-26 20:18:48.267  INFO 3428 --- [restartedMain] org.hibernate.dialect.Dialect            : HHH000400: Using dialect: org.hibernate.dialect.PostgreSQLDialect
2023-02-26 20:18:48.407  INFO 3428 --- [restartedMain] o.h.e.t.j.p.i.JtaPlatformInitiator       : HHH000490: Using JtaPlatform implementation: [org.hibernate.engine.transaction.jta.platform.internal.NoJtaPlatform]
2023-02-26 20:18:48.454  INFO 3428 --- [restartedMain] com.cg.hbm.controller.HotelController    : Hotel booking Rest Controller called
2023-02-26 20:18:48.493  INFO 3428 --- [restartedMain] com.cg.hbm.controller.ReviewController   : ---Review Controller Called --
2023-02-26 20:18:48.493  WARN 3428 --- [restartedMain] com.cg.hbm.controller.ReviewController   : ---Review Controller Called --
2023-02-26 20:18:48.516  INFO 3428 --- [restartedMain] c.c.h.controller.RoomDetailsController   : ---RoomDetails Controller Called --
2023-02-26 20:18:48.516  WARN 3428 --- [restartedMain] c.c.h.controller.RoomDetailsController   : ---RoomDetails Controller Called --
2023-02-26 20:18:48.561  INFO 3428 --- [restartedMain] com.cg.hbm.controller.UserController     : User Controller Called
2023-02-26 20:18:48.593  WARN 3428 --- [restartedMain] JpaBaseConfiguration$JpaWebConfiguration : spring.jpa.open-in-view is enabled by default. Therefore, database queries may be performed during view rendering. Explicitly configure spring.jpa.open-in-view to disable this warning
2023-02-26 20:18:48.689  INFO 3428 --- [restartedMain] com.cg.hbm.HotelBookingApplication       : Started HotelBookingApplication in 0.869 seconds (JVM running for 31870.667)
2023-02-26 20:19:31.739  INFO 3428 --- [http-nio-2004-exec-1] o.a.c.c.C.[Tomcat].[localhost].[/]       : Initializing Spring DispatcherServlet 'dispatcherServlet'
